2024-12-15 17:12:886 INFO  HomePage :30 - Clicking on login link : [[ChromeDriver: chrome on windows (cff71111b9c12235ba24061d1a34af7b)] -> link text: Log in]
2024-12-15 17:12:922 INFO  LoginPage :36 - Getting text from : [[ChromeDriver: chrome on windows (cff71111b9c12235ba24061d1a34af7b)] -> xpath: //h1[normalize-space()='Welcome, Please Sign In!']]
2024-12-15 17:12:304 INFO  HomePage :30 - Clicking on login link : [[ChromeDriver: chrome on windows (ed1465c1319f825baafc065592116bbf)] -> link text: Log in]
2024-12-15 17:12:569 INFO  HomePage :30 - Clicking on login link : [[ChromeDriver: chrome on windows (c9eea5945c3e24c1c19d039601fc8a64)] -> link text: Log in]
2024-12-15 17:12:812 INFO  HomePage :30 - Clicking on login link : [[ChromeDriver: chrome on windows (946937cbb0f7e447b0b90b751aede23e)] -> link text: Log in]
2024-12-15 17:12:468 INFO  HomePage :30 - Clicking on login link : [[ChromeDriver: chrome on windows (0a1db64b1f7dd44e6d63c8c17f6c1ca9)] -> link text: Log in]
2024-12-15 21:12:666 INFO  HomePage :20 - Clicking on login link : [[ChromeDriver: chrome on windows (a7ada6154f16946216464b62ee705f0e)] -> link text: Log in]
2024-12-15 21:12:698 INFO  LoginPage :20 - Getting text from : [[ChromeDriver: chrome on windows (a7ada6154f16946216464b62ee705f0e)] -> xpath: //h1[normalize-space()='Welcome, Please Sign In!']]
2024-12-15 21:12:398 INFO  HomePage :20 - Clicking on login link : [[ChromeDriver: chrome on windows (10368d9d2c87b8c799c792df04fa1f0e)] -> link text: Log in]
2024-12-15 21:12:438 INFO  LoginPage :20 - Getting text from : [[ChromeDriver: chrome on windows (10368d9d2c87b8c799c792df04fa1f0e)] -> xpath: //h1[normalize-space()='Welcome, Please Sign In!']]
2024-12-15 22:12:258 INFO  HomePage :20 - Clicking on login link : [[ChromeDriver: chrome on windows (89ed1881161d62dcf95822225a051e79)] -> link text: Log in]
2024-12-15 22:12:344 INFO  LoginPage :20 - Getting text from : [[ChromeDriver: chrome on windows (89ed1881161d62dcf95822225a051e79)] -> xpath: //h1[normalize-space()='Welcome, Please Sign In!']]
2024-12-15 22:12:112 INFO  HomePage :20 - Clicking on login link : [[ChromeDriver: chrome on windows (9b701928afdda6ee63801e0877700cdb)] -> link text: Log in]
2024-12-15 22:12:147 INFO  LoginPage :20 - Getting text from : [[ChromeDriver: chrome on windows (9b701928afdda6ee63801e0877700cdb)] -> xpath: //h1[normalize-space()='Welcome, Please Sign In!']]
2024-12-15 22:12:709 INFO  HomePage :20 - Clicking on login link : [[ChromeDriver: chrome on windows (b041a6fd6a2c12bb559a5f0863afee41)] -> link text: Log in]
2024-12-15 22:12:158 INFO  HomePage :20 - Clicking on login link : [[ChromeDriver: chrome on windows (c07d68c52847e7846db11ad851584e87)] -> link text: Log in]
2024-12-15 22:12:742 INFO  HomePage :20 - Clicking on login link : [[ChromeDriver: chrome on windows (a784f73561d75c7289bb0b5121678c38)] -> link text: Log in]
2024-12-15 22:12:861 INFO  HomePage :20 - Clicking on login link : [[ChromeDriver: chrome on windows (805bbb15cc57f2dca911609cf4633476)] -> link text: Log in]
2024-12-15 22:12:894 INFO  LoginPage :36 - Getting text from : [[ChromeDriver: chrome on windows (805bbb15cc57f2dca911609cf4633476)] -> xpath: //h1[normalize-space()='Welcome, Please Sign In!']]
2024-12-15 22:12:926 INFO  HomePage :20 - Clicking on login link : [[ChromeDriver: chrome on windows (6672297c811b57305f29d7abd7c799b5)] -> link text: Log in]
2024-12-15 22:12:400 INFO  HomePage :20 - Clicking on login link : [[ChromeDriver: chrome on windows (4c19532926ea5e7652e34d739c1f5c73)] -> link text: Log in]
2024-12-15 22:12:218 INFO  HomePage :20 - Clicking on login link : [[ChromeDriver: chrome on windows (ea833d871f9bf89956532f8f2f1f8445)] -> link text: Log in]
2024-12-15 22:12:876 INFO  HomePage :20 - Clicking on login link : [[ChromeDriver: chrome on windows (9e34830a584b656736f2738c8531bfb5)] -> link text: Log in]
2024-12-15 22:12:967 INFO  HomePage :20 - Clicking on login link : [[ChromeDriver: chrome on windows (c528dc11c139be4e1fff77c0c1d0e6af)] -> link text: Log in]
2024-12-15 22:12:698 INFO  HomePage :20 - Clicking on login link : [[ChromeDriver: chrome on windows (bdd5a213bc2559e3ff1a16c464615259)] -> link text: Log in]
2024-12-15 22:12:749 INFO  HomePage :20 - Clicking on login link : [[ChromeDriver: chrome on windows (3a547834bb1d39d3c4844eeb9df281c7)] -> link text: Log in]
2024-12-15 22:12:111 INFO  HomePage :20 - Clicking on login link : [[ChromeDriver: chrome on windows (838e707c9337271b6e63a5e9f3b410f7)] -> link text: Log in]
2024-12-15 23:12:609 INFO  HomePage :20 - Clicking on login link : [[ChromeDriver: chrome on windows (d54cb1e5f3a3941bca6aa8840788beea)] -> link text: Log in]
2024-12-15 23:12:904 INFO  HomePage :20 - Clicking on login link : [[ChromeDriver: chrome on windows (e5e4523be10a082f3d59c91dd99a9c34)] -> link text: Log in]
2024-12-15 23:12:504 INFO  HomePage :20 - Clicking on login link : [[ChromeDriver: chrome on windows (4ad376810ff24298b8b4f9e7db4f15aa)] -> link text: Log in]
2024-12-15 23:12:300 INFO  HomePage :20 - Clicking on login link : [[ChromeDriver: chrome on windows (4eed00860c6d68550ef55d87f85f08f4)] -> link text: Log in]
2024-12-15 23:12:476 INFO  HomePage :20 - Clicking on login link : [[ChromeDriver: chrome on windows (f2bc4d2d782a635941983346f6d76eef)] -> link text: Log in]
2024-12-15 23:12:782 INFO  HomePage :20 - Clicking on login link : [[ChromeDriver: chrome on windows (5ede2fdaf739003f4e881236e7837e1b)] -> link text: Log in]
2024-12-15 23:12:256 INFO  HomePage :20 - Clicking on login link : [[ChromeDriver: chrome on windows (30e119b9a27da240a4eca87b8762783d)] -> link text: Log in]
2024-12-15 23:12:496 INFO  HomePage :20 - Clicking on login link : [[ChromeDriver: chrome on windows (488aacd7c66a3191796e4a06f2e688ae)] -> link text: Log in]
2024-12-15 23:12:728 INFO  HomePage :20 - Clicking on login link : [[ChromeDriver: chrome on windows (02025a618a07f8e854128f9dfbfceb3a)] -> link text: Log in]
2024-12-15 23:12:302 INFO  HomePage :20 - Clicking on login link : [[ChromeDriver: chrome on windows (cec08708db4a42d8241f262749f330cc)] -> link text: Log in]
2024-12-15 23:12:935 INFO  HomePage :20 - Clicking on login link : [[ChromeDriver: chrome on windows (029b40af4da3f7df8f755acee54c13df)] -> link text: Log in]
2024-12-15 23:12:401 INFO  HomePage :20 - Clicking on login link : [[ChromeDriver: chrome on windows (832362f84718b1dc61bf3b7a26a01871)] -> link text: Log in]
2024-12-15 23:12:445 INFO  LoginPage :40 - Getting text from : [[ChromeDriver: chrome on windows (832362f84718b1dc61bf3b7a26a01871)] -> xpath: //h1[normalize-space()='Welcome, Please Sign In!']]
2024-12-15 23:12:930 INFO  HomePage :20 - Clicking on login link : [[ChromeDriver: chrome on windows (96d1ed8858c7986a95db9d2925a7b960)] -> link text: Log in]
2024-12-15 23:12:963 INFO  LoginPage :40 - Getting text from : [[ChromeDriver: chrome on windows (96d1ed8858c7986a95db9d2925a7b960)] -> xpath: //h1[normalize-space()='Welcome, Please Sign In!']]
2024-12-15 23:12:154 INFO  HomePage :20 - Clicking on login link : [[ChromeDriver: chrome on windows (bdb1ebf5c0f5d01fc5921597b055e930)] -> link text: Log in]
2024-12-15 23:12:795 INFO  HomePage :20 - Clicking on login link : [[ChromeDriver: chrome on windows (2079a537487d507d9cb159f493813b97)] -> link text: Log in]
2024-12-15 23:12:389 INFO  HomePage :20 - Clicking on login link : [[ChromeDriver: chrome on windows (fe1dc64ade351aa844541247fd4b7627)] -> link text: Log in]
2024-12-16 10:12:157 INFO  HomePage :33 - Clicking on register link : [[ChromeDriver: chrome on windows (a926d0f8b7dc4581f55c321319182128)] -> link text: Register]
2024-12-16 10:12:312 INFO  HomePage :33 - Clicking on register link : [[ChromeDriver: chrome on windows (424854b6342d57fa81a307d5da2dcc8b)] -> link text: Register]
2024-12-16 12:12:898 INFO  HomePage :33 - Clicking on register link : [[ChromeDriver: chrome on windows (cf68209abd9133daa34ccbb1c7f34993)] -> link text: Register]
2024-12-16 12:12:434 INFO  HomePage :33 - Clicking on register link : [[ChromeDriver: chrome on windows (b882a0301d02783e4b4854ef578da665)] -> link text: Register]
2024-12-16 12:12:346 INFO  HomePage :33 - Clicking on register link : [[ChromeDriver: chrome on windows (4075078f397515d7c121078ec036a1af)] -> link text: Register]
2024-12-16 12:12:154 INFO  HomePage :33 - Clicking on register link : [[ChromeDriver: chrome on windows (c1d71d75686cc48dddccef24a1a4cc26)] -> link text: Register]
2024-12-16 13:12:740 INFO  HomePage :33 - Clicking on register link : [[ChromeDriver: chrome on windows (a74b35f1ad42e67899d53daa5bdc8ebc)] -> link text: Register]
2024-12-16 13:12:231 INFO  HomePage :33 - Clicking on register link : [[ChromeDriver: chrome on windows (044aaaac719b7d321a2b9e6993d61fb7)] -> link text: Register]
2024-12-16 13:12:820 INFO  HomePage :33 - Clicking on register link : [[ChromeDriver: chrome on windows (3a9a143deb09cbac30998bfc7f1879f5)] -> link text: Register]
2024-12-16 13:12:305 INFO  HomePage :33 - Clicking on register link : [[ChromeDriver: chrome on windows (a60ab44e355ba9a16d513fca20635efe)] -> link text: Register]
2024-12-16 13:12:300 INFO  HomePage :33 - Clicking on register link : [[ChromeDriver: chrome on windows (e2fa6974d63a2bc6aa1abafff308f310)] -> link text: Register]
2024-12-16 13:12:90 INFO  HomePage :24 - Clicking on login link : [[ChromeDriver: chrome on windows (d7dfb6fb6a2c5b7b1f2bfbfba6222c72)] -> link text: Log in]
2024-12-16 13:12:186 INFO  HomePage :33 - Clicking on register link : [[ChromeDriver: chrome on windows (df6b8703da0f68e64e8a35f85bd61f26)] -> link text: Register]
2024-12-16 14:12:320 INFO  HomePage :28 - Clicking on login link : [[ChromeDriver: chrome on windows (21969d9786814c0acc876198d9833409)] -> link text: Log in]
2024-12-16 14:12:409 INFO  LoginPage :40 - Getting text from : [[ChromeDriver: chrome on windows (21969d9786814c0acc876198d9833409)] -> xpath: //h1[normalize-space()='Welcome, Please Sign In!']]
2024-12-16 14:12:41 INFO  HomePage :37 - Clicking on register link : [[ChromeDriver: chrome on windows (a76f7e59a063c7bc9261f6c1e8cdd529)] -> link text: Register]
2024-12-16 14:12:799 INFO  HomePage :28 - Clicking on login link : [[ChromeDriver: chrome on windows (3adfaf364e81c959ed780f2d52bf8dd4)] -> link text: Log in]
2024-12-16 14:12:864 INFO  LoginPage :40 - Getting text from : [[ChromeDriver: chrome on windows (3adfaf364e81c959ed780f2d52bf8dd4)] -> xpath: //h1[normalize-space()='Welcome, Please Sign In!']]
2024-12-16 14:12:517 INFO  HomePage :37 - Clicking on register link : [[ChromeDriver: chrome on windows (c6f1f1f4e123f8ea973552ed80cfa1ed)] -> link text: Register]
2024-12-17 23:12:770 INFO  HomePage :42 - Click On Computer : [[ChromeDriver: chrome on windows (d4b38d767d7a1485c839deb705b670db)] -> xpath: //div[@class='header-menu']/ul[1]/li[2]/a]
2024-12-17 23:12:160 INFO  ComputerPage :29 - Click On Desktop : [[ChromeDriver: chrome on windows (d4b38d767d7a1485c839deb705b670db)] -> xpath: //img[@title='Show products in category Desktops']]
2024-12-17 23:12:706 INFO  DesktopsPage :29 - Click On BuildComputerButton : [[ChromeDriver: chrome on windows (d4b38d767d7a1485c839deb705b670db)] -> xpath: //a[normalize-space()='Build your own computer']]
2024-12-17 23:12:806 INFO  BuildYourOwnComputerPage :46 - Select Processor From Dropdown : [[ChromeDriver: chrome on windows (d4b38d767d7a1485c839deb705b670db)] -> id: product_attribute_16_5_4]
2024-12-17 23:12:897 INFO  BuildYourOwnComputerPage :51 - Select Ram : [[ChromeDriver: chrome on windows (d4b38d767d7a1485c839deb705b670db)] -> id: product_attribute_16_6_5]
2024-12-17 23:12:977 INFO  BuildYourOwnComputerPage :65 - Select Hdd Radio : 1
2024-12-17 23:12:56 INFO  BuildYourOwnComputerPage :77 - Select Os : 1
2024-12-17 23:12:205 INFO  BuildYourOwnComputerPage :100 - Select CheckBox : 1
2024-12-17 23:12:294 INFO  BuildYourOwnComputerPage :105 - Click On AddToCart + :[[ChromeDriver: chrome on windows (d4b38d767d7a1485c839deb705b670db)] -> xpath: //input[@id='add-to-cart-button-16']]
2024-12-17 23:12:447 INFO  HomePage :42 - Click On Computer : [[ChromeDriver: chrome on windows (54780d582153994eb28245edac672c39)] -> xpath: //div[@class='header-menu']/ul[1]/li[2]/a]
2024-12-17 23:12:845 INFO  ComputerPage :29 - Click On Desktop : [[ChromeDriver: chrome on windows (54780d582153994eb28245edac672c39)] -> xpath: //img[@title='Show products in category Desktops']]
2024-12-17 23:12:296 INFO  DesktopsPage :29 - Click On BuildComputerButton : [[ChromeDriver: chrome on windows (54780d582153994eb28245edac672c39)] -> xpath: //a[normalize-space()='Build your own computer']]
2024-12-17 23:12:847 INFO  HomePage :42 - Click On Computer : [[ChromeDriver: chrome on windows (1f3d5ab8d84222d9401c019b6f08ca7e)] -> xpath: //div[@class='header-menu']/ul[1]/li[2]/a]
2024-12-17 23:12:260 INFO  ComputerPage :29 - Click On Desktop : [[ChromeDriver: chrome on windows (1f3d5ab8d84222d9401c019b6f08ca7e)] -> xpath: //img[@title='Show products in category Desktops']]
2024-12-17 23:12:736 INFO  DesktopsPage :29 - Click On BuildComputerButton : [[ChromeDriver: chrome on windows (1f3d5ab8d84222d9401c019b6f08ca7e)] -> xpath: //a[normalize-space()='Build your own computer']]
2024-12-17 23:12:982 INFO  HomePage :42 - Click On Computer : [[ChromeDriver: chrome on windows (1429d3b37c13153f931e77bc6820943c)] -> xpath: //div[@class='header-menu']/ul[1]/li[2]/a]
2024-12-17 23:12:355 INFO  ComputerPage :29 - Click On Desktop : [[ChromeDriver: chrome on windows (1429d3b37c13153f931e77bc6820943c)] -> xpath: //img[@title='Show products in category Desktops']]
2024-12-17 23:12:792 INFO  DesktopsPage :29 - Click On BuildComputerButton : [[ChromeDriver: chrome on windows (1429d3b37c13153f931e77bc6820943c)] -> xpath: //a[normalize-space()='Build your own computer']]
2024-12-17 23:12:913 INFO  BuildYourOwnComputerPage :46 - Select Processor From Dropdown : [[ChromeDriver: chrome on windows (1429d3b37c13153f931e77bc6820943c)] -> id: product_attribute_16_5_4]
2024-12-17 23:12:981 INFO  BuildYourOwnComputerPage :51 - Select Ram : [[ChromeDriver: chrome on windows (1429d3b37c13153f931e77bc6820943c)] -> id: product_attribute_16_6_5]
2024-12-17 23:12:63 INFO  BuildYourOwnComputerPage :65 - Select Hdd Radio : 1
2024-12-17 23:12:143 INFO  BuildYourOwnComputerPage :77 - Select Os : 1
2024-12-17 23:12:292 INFO  BuildYourOwnComputerPage :100 - Select CheckBox : 1
2024-12-17 23:12:372 INFO  BuildYourOwnComputerPage :105 - Click On AddToCart + :[[ChromeDriver: chrome on windows (1429d3b37c13153f931e77bc6820943c)] -> xpath: //input[@id='add-to-cart-button-16']]
2024-12-17 23:12:481 INFO  HomePage :42 - Click On Computer : [[ChromeDriver: chrome on windows (a61a7190e038a62790e4bd57a4c21b52)] -> xpath: //div[@class='header-menu']/ul[1]/li[2]/a]
2024-12-17 23:12:878 INFO  ComputerPage :29 - Click On Desktop : [[ChromeDriver: chrome on windows (a61a7190e038a62790e4bd57a4c21b52)] -> xpath: //img[@title='Show products in category Desktops']]
2024-12-17 23:12:322 INFO  DesktopsPage :29 - Click On BuildComputerButton : [[ChromeDriver: chrome on windows (a61a7190e038a62790e4bd57a4c21b52)] -> xpath: //a[normalize-space()='Build your own computer']]
2024-12-17 23:12:552 INFO  HomePage :42 - Click On Computer : [[ChromeDriver: chrome on windows (2e08149d3371df7a57876df41682733e)] -> xpath: //div[@class='header-menu']/ul[1]/li[2]/a]
2024-12-17 23:12:942 INFO  ComputerPage :29 - Click On Desktop : [[ChromeDriver: chrome on windows (2e08149d3371df7a57876df41682733e)] -> xpath: //img[@title='Show products in category Desktops']]
2024-12-17 23:12:424 INFO  DesktopsPage :29 - Click On BuildComputerButton : [[ChromeDriver: chrome on windows (2e08149d3371df7a57876df41682733e)] -> xpath: //a[normalize-space()='Build your own computer']]
